{"/Users/danieldanielsson/code/privat/Eslint/eslint-custom-rule-sandbox/packages/eslint-plugin-example/src/rules/fooBarRule.ts": {"path":"/Users/danieldanielsson/code/privat/Eslint/eslint-custom-rule-sandbox/packages/eslint-plugin-example/src/rules/fooBarRule.ts","statementMap":{"0":{"start":{"line":2,"column":0},"end":{"line":2,"column":68}},"1":{"start":{"line":6,"column":13},"end":{"line":36,"column":2}},"2":{"start":{"line":16,"column":24},"end":{"line":35,"column":4}},"3":{"start":{"line":18,"column":6},"end":{"line":20,"column":null}},"4":{"start":{"line":19,"column":8},"end":{"line":19,"column":15}},"5":{"start":{"line":22,"column":6},"end":{"line":27,"column":null}},"6":{"start":{"line":23,"column":8},"end":{"line":26,"column":11}},"7":{"start":{"line":28,"column":6},"end":{"line":33,"column":null}},"8":{"start":{"line":29,"column":8},"end":{"line":32,"column":11}}},"fnMap":{"0":{"name":"(anonymous_0)","decl":{"start":{"line":16,"column":10},"end":{"line":16,"column":11}},"loc":{"start":{"line":16,"column":24},"end":{"line":35,"column":4}}},"1":{"name":"(anonymous_1)","decl":{"start":{"line":17,"column":20},"end":{"line":17,"column":21}},"loc":{"start":{"line":17,"column":29},"end":{"line":34,"column":5}}}},"branchMap":{"0":{"loc":{"start":{"line":18,"column":6},"end":{"line":20,"column":null}},"type":"if","locations":[{"start":{"line":18,"column":6},"end":{"line":20,"column":null}}]},"1":{"loc":{"start":{"line":22,"column":6},"end":{"line":27,"column":null}},"type":"if","locations":[{"start":{"line":22,"column":6},"end":{"line":27,"column":null}}]},"2":{"loc":{"start":{"line":28,"column":6},"end":{"line":33,"column":null}},"type":"if","locations":[{"start":{"line":28,"column":6},"end":{"line":33,"column":null}}]}},"s":{"0":1,"1":1,"2":6,"3":3,"4":0,"5":3,"6":1,"7":2,"8":1},"f":{"0":6,"1":3},"b":{"0":[0],"1":[1],"2":[1]}}
}
